C:\Program Files (x86)\Microsoft Visual Studio\2017\Community\Common7\IDE\VC\VCTargets\Microsoft.CppBuild.targets(387,5): warning MSB8028: The intermediate directory (Debug\) contains files shared from another project (ConsoleApplication9.vcxproj).  This can lead to incorrect clean and rebuild behavior.
  Source.cpp
c:\users\meo\documents\github\ib2\source.cpp(38): warning C4244: 'initializing': conversion from 'unsigned __int64' to 'unsigned int', possible loss of data
c:\users\meo\documents\github\ib2\source.cpp(41): warning C4244: '=': conversion from 'unsigned __int64' to 'unsigned int', possible loss of data
c:\users\meo\documents\github\ib2\source.cpp(47): warning C4244: '=': conversion from 'short' to 'unsigned char', possible loss of data
c:\users\meo\documents\github\ib2\source.cpp(114): warning C4244: 'initializing': conversion from 'unsigned __int64' to 'unsigned int', possible loss of data
c:\users\meo\documents\github\ib2\source.cpp(117): warning C4293: '<<': shift count negative or too big, undefined behavior
c:\users\meo\documents\github\ib2\source.cpp(183): warning C4566: character represented by universal-character-name '\u043F' cannot be represented in the current code page (1252)
c:\users\meo\documents\github\ib2\source.cpp(183): warning C4566: character represented by universal-character-name '\u0440' cannot be represented in the current code page (1252)
c:\users\meo\documents\github\ib2\source.cpp(183): warning C4566: character represented by universal-character-name '\u043E' cannot be represented in the current code page (1252)
c:\users\meo\documents\github\ib2\source.cpp(183): warning C4566: character represented by universal-character-name '\u0441' cannot be represented in the current code page (1252)
c:\users\meo\documents\github\ib2\source.cpp(183): warning C4566: character represented by universal-character-name '\u0442' cannot be represented in the current code page (1252)
c:\users\meo\documents\github\ib2\source.cpp(183): warning C4566: character represented by universal-character-name '\u0430' cannot be represented in the current code page (1252)
c:\users\meo\documents\github\ib2\source.cpp(183): warning C4566: character represented by universal-character-name '\u044F' cannot be represented in the current code page (1252)
c:\users\meo\documents\github\ib2\source.cpp(183): warning C4566: character represented by universal-character-name '\u0437' cannot be represented in the current code page (1252)
c:\users\meo\documents\github\ib2\source.cpp(183): warning C4566: character represented by universal-character-name '\u043C' cannot be represented in the current code page (1252)
c:\users\meo\documents\github\ib2\source.cpp(183): warning C4566: character represented by universal-character-name '\u0435' cannot be represented in the current code page (1252)
c:\users\meo\documents\github\ib2\source.cpp(183): warning C4566: character represented by universal-character-name '\u043D' cannot be represented in the current code page (1252)
c:\users\meo\documents\github\ib2\source.cpp(183): warning C4566: character represented by universal-character-name '\u0433' cannot be represented in the current code page (1252)
c:\users\meo\documents\github\ib2\source.cpp(183): warning C4566: character represented by universal-character-name '\u0438' cannot be represented in the current code page (1252)
c:\users\meo\documents\github\ib2\source.cpp(183): warning C4566: character represented by universal-character-name '\u0432' cannot be represented in the current code page (1252)
c:\users\meo\documents\github\ib2\source.cpp(183): warning C4566: character represented by universal-character-name '\u0431' cannot be represented in the current code page (1252)
c:\users\meo\documents\github\ib2\source.cpp(183): warning C4566: character represented by universal-character-name '\u0439' cannot be represented in the current code page (1252)
c:\users\meo\documents\github\ib2\source.cpp(183): warning C4566: character represented by universal-character-name '\u044C' cannot be represented in the current code page (1252)
c:\users\meo\documents\github\ib2\source.cpp(183): warning C4566: character represented by universal-character-name '\u044E' cannot be represented in the current code page (1252)
c:\users\meo\documents\github\ib2\source.cpp(201): warning C4101: 'a': unreferenced local variable
c:\users\meo\documents\github\ib2\source.cpp(169): warning C4101: 'ch2': unreferenced local variable
c:\users\meo\documents\github\ib2\source.cpp(168): warning C4101: 'chars': unreferenced local variable
c:\users\meo\documents\github\ib2\source.cpp(169): warning C4101: 'ch1': unreferenced local variable
  ConsoleApplication9.vcxproj -> C:\Users\meo\Documents\github\ib2\Debug\ib 2.exe
  ConsoleApplication9.vcxproj -> C:\Users\meo\Documents\github\ib2\Debug\ib 2.pdb (Partial PDB)
