  Source.cpp
Source.cpp(38): warning C4244: 'initializing': conversion from 'unsigned __int64' to 'unsigned int', possible loss of data
Source.cpp(41): warning C4244: '=': conversion from 'unsigned __int64' to 'unsigned int', possible loss of data
Source.cpp(47): warning C4244: '=': conversion from 'short' to 'unsigned char', possible loss of data
Source.cpp(114): warning C4244: 'initializing': conversion from 'unsigned __int64' to 'unsigned int', possible loss of data
Source.cpp(117): warning C4293: '<<': shift count negative or too big, undefined behavior
Source.cpp(183): warning C4566: character represented by universal-character-name '\u043F' cannot be represented in the current code page (1252)
Source.cpp(183): warning C4566: character represented by universal-character-name '\u0440' cannot be represented in the current code page (1252)
Source.cpp(183): warning C4566: character represented by universal-character-name '\u043E' cannot be represented in the current code page (1252)
Source.cpp(183): warning C4566: character represented by universal-character-name '\u0441' cannot be represented in the current code page (1252)
Source.cpp(183): warning C4566: character represented by universal-character-name '\u0442' cannot be represented in the current code page (1252)
Source.cpp(183): warning C4566: character represented by universal-character-name '\u0430' cannot be represented in the current code page (1252)
Source.cpp(183): warning C4566: character represented by universal-character-name '\u044F' cannot be represented in the current code page (1252)
Source.cpp(183): warning C4566: character represented by universal-character-name '\u0437' cannot be represented in the current code page (1252)
Source.cpp(183): warning C4566: character represented by universal-character-name '\u043C' cannot be represented in the current code page (1252)
Source.cpp(183): warning C4566: character represented by universal-character-name '\u0435' cannot be represented in the current code page (1252)
Source.cpp(183): warning C4566: character represented by universal-character-name '\u043D' cannot be represented in the current code page (1252)
Source.cpp(183): warning C4566: character represented by universal-character-name '\u0433' cannot be represented in the current code page (1252)
Source.cpp(183): warning C4566: character represented by universal-character-name '\u0438' cannot be represented in the current code page (1252)
Source.cpp(183): warning C4566: character represented by universal-character-name '\u0432' cannot be represented in the current code page (1252)
Source.cpp(183): warning C4566: character represented by universal-character-name '\u0431' cannot be represented in the current code page (1252)
Source.cpp(183): warning C4566: character represented by universal-character-name '\u0439' cannot be represented in the current code page (1252)
Source.cpp(183): warning C4566: character represented by universal-character-name '\u044C' cannot be represented in the current code page (1252)
Source.cpp(183): warning C4566: character represented by universal-character-name '\u044E' cannot be represented in the current code page (1252)
Source.cpp(201): warning C4101: 'a': unreferenced local variable
Source.cpp(169): warning C4101: 'ch2': unreferenced local variable
Source.cpp(168): warning C4101: 'chars': unreferenced local variable
Source.cpp(169): warning C4101: 'ch1': unreferenced local variable
  Generating code
  1 of 42 functions ( 2.4%) were compiled, the rest were copied from previous compilation.
    0 functions were new in current compilation
    5 functions had inline decision re-evaluated but remain unchanged
  Finished generating code
  ConsoleApplication9.vcxproj -> D:\rom\Projects\ConsoleApplication9\Release\ib 2.exe
  ConsoleApplication9.vcxproj -> D:\rom\Projects\ConsoleApplication9\Release\ib 2.pdb (Full PDB)
